<?xml version="1.0" encoding="UTF-8"?>
<!-- Generated by org.testng.reporters.JUnitReportReporter -->
<testsuite hostname="DESKTOP-6BJ2N4F" failures="0" tests="7" name="Basics.TestNGBasics" time="0.029" errors="0" timestamp="2020-11-26T23:37:23 IST" skipped="1">
  <testcase classname="Basics.TestNGBasics" name="AdduserMethod" time="0.002"/>
  <system-out/>
  <testcase classname="Basics.TestNGBasics" name="Login" time="0.002"/>
  <system-out/>
  <testcase classname="Basics.TestNGBasics" name="viewAdminPage" time="0.004"/>
  <system-out/>
  <testcase classname="Basics.TestNGBasics" name="Login" time="0.003"/>
  <system-out/>
  <testcase classname="Basics.TestNGBasics" name="Login" time="0.002"/>
  <system-out/>
  <testcase classname="Basics.TestNGBasics" name="Signup" time="0.016"/>
  <system-out/>
  <testcase classname="Basics.TestNGBasics" name="Logout">
    <skipped/>
  </testcase> <!-- Logout -->
  <system-out/>
</testsuite> <!-- Basics.TestNGBasics -->
