<?xml version="1.0" encoding="UTF-8"?>
<!-- Generated by org.testng.reporters.JUnitReportReporter -->
<testsuite hostname="DESKTOP-6BJ2N4F" failures="0" tests="3" name="Basics.FrameworkBasics" time="0.020" errors="0" timestamp="2020-11-27T00:15:45 IST" skipped="0">
  <testcase classname="Basics.FrameworkBasics" name="demo4" time="0.002"/>
  <system-out/>
  <testcase classname="Basics.FrameworkBasics" name="demo1" time="0.015"/>
  <system-out/>
  <testcase classname="Basics.FrameworkBasics" name="demo2" time="0.003"/>
  <system-out/>
</testsuite> <!-- Basics.FrameworkBasics -->
