<?xml version="1.0" encoding="UTF-8"?>
<!-- Generated by org.testng.reporters.JUnitReportReporter -->
<testsuite hostname="DESKTOP-6BJ2N4F" failures="0" tests="1" name="Basics.Test26NOV" time="0.002" errors="0" timestamp="2020-11-27T00:15:45 IST" skipped="0">
  <testcase classname="Basics.Test26NOV" name="MobileSignin" time="0.002"/>
  <system-out/>
</testsuite> <!-- Basics.Test26NOV -->
