<?xml version="1.0" encoding="UTF-8"?>
<!-- Generated by org.testng.reporters.JUnitReportReporter -->
<testsuite hostname="DESKTOP-6BJ2N4F" failures="0" tests="2" name="Basics.Basics2" time="0.026" errors="0" timestamp="2020-12-03T23:42:17 IST" skipped="0">
  <testcase classname="Basics.Basics2" name="demo21" time="0.024"/>
  <system-out/>
  <testcase classname="Basics.Basics2" name="demo25" time="0.002"/>
  <system-out/>
</testsuite> <!-- Basics.Basics2 -->
